<?xml version="1.0" encoding="UTF-8"?>
<!-- Generated by org.testng.reporters.JUnitReportReporter -->
<testsuite hostname="MO-Dolly" failures="0" tests="1" name="TestCases.VerifyLogin" time="3.725" errors="0" timestamp="2023-04-30T05:52:39 GMT-04:00" skipped="0">
  <testcase classname="TestCases.VerifyLogin" name="login" time="3.725"/>
  <system-out/>
</testsuite> <!-- TestCases.VerifyLogin -->
