<?xml version="1.0" encoding="UTF-8"?>
<!-- Generated by org.testng.reporters.JUnitReportReporter -->
<testsuite hostname="MO-Dolly" failures="0" tests="1" name="TestCases.VerifySignUpPage" time="10.890" errors="0" timestamp="2023-05-04T22:53:57 GMT-04:00" skipped="0">
  <testcase classname="TestCases.VerifySignUpPage" name="signup" time="10.890"/>
  <system-out/>
</testsuite> <!-- TestCases.VerifySignUpPage -->
