<?xml version="1.0" encoding="UTF-8"?>
<!-- Generated by org.testng.reporters.JUnitReportReporter -->
<testsuite hostname="MO-Dolly" failures="0" tests="1" name="TestCases.VerifySignUpPage" time="9.731" errors="0" timestamp="2023-04-30T06:25:29 GMT-04:00" skipped="0">
  <testcase classname="TestCases.VerifySignUpPage" name="signup" time="9.731"/>
  <system-out/>
</testsuite> <!-- TestCases.VerifySignUpPage -->
